[2025-03-27 11:12:19,345: INFO: main: Running from main.py]
[2025-03-27 11:19:04,113: INFO: main: Running from main.py]
[2025-03-27 14:49:03,506: INFO: step_01_data_ingestion: >>>>>> stage Data Ingestion Stage started <<<<<<]
[2025-03-27 14:49:03,506: INFO: common: yaml file: config\config.yaml loaded successfully]
[2025-03-27 14:49:03,506: INFO: common: yaml file: params.yaml loaded successfully]
[2025-03-27 14:49:03,506: INFO: common: created directory at: artifacts]
[2025-03-27 14:49:03,518: INFO: common: created directory at: artifacts/data_ingestion]
[2025-03-27 14:49:03,518: INFO: data_ingestion: Downloading data from https://drive.google.com/file/d/1tEWnOm8-SiIPW6BDMuyR5gmgRL7EAPrd/view?usp=sharing into file artifacts/data_ingestion/data.zip]
[2025-03-27 14:49:14,037: INFO: data_ingestion: Downloaded data from https://drive.google.com/file/d/1tEWnOm8-SiIPW6BDMuyR5gmgRL7EAPrd/view?usp=sharing into file artifacts/data_ingestion/data.zip]
[2025-03-27 14:49:14,551: INFO: step_01_data_ingestion: >>>>>> stage Data Ingestion Stage completed <<<<<<

x==========x]
[2025-03-27 15:18:54,465: INFO: common: yaml file: config\config.yaml loaded successfully]
[2025-03-27 15:18:54,474: INFO: common: yaml file: params.yaml loaded successfully]
[2025-03-27 15:18:54,477: INFO: common: created directory at: artifacts]
[2025-03-27 15:18:54,481: INFO: common: created directory at: artifacts/prepare_base_model]
[2025-03-27 15:19:08,751: WARNING: saving_utils: Compiled the loaded model, but the compiled metrics have yet to be built. `model.compile_metrics` will be empty until you train or evaluate the model.]
[2025-03-27 15:38:05,417: INFO: step_02_baseline_model_preparation: *******************]
[2025-03-27 15:38:05,417: INFO: step_02_baseline_model_preparation: >>>>>> stage Prepare Base Model Stage started <<<<<<]
[2025-03-27 15:38:05,419: INFO: common: yaml file: config\config.yaml loaded successfully]
[2025-03-27 15:38:05,421: INFO: common: yaml file: params.yaml loaded successfully]
[2025-03-27 15:38:05,421: INFO: common: created directory at: artifacts]
[2025-03-27 15:38:05,422: INFO: common: created directory at: artifacts/prepare_base_model]
[2025-03-27 15:38:05,883: WARNING: saving_utils: Compiled the loaded model, but the compiled metrics have yet to be built. `model.compile_metrics` will be empty until you train or evaluate the model.]
[2025-03-27 15:38:06,072: INFO: step_02_baseline_model_preparation: >>>>>> stage Prepare Base Model Stage completed <<<<<<

x==========x]
[2025-03-27 15:54:22,308: INFO: common: yaml file: config\config.yaml loaded successfully]
[2025-03-27 15:54:22,314: INFO: common: yaml file: params.yaml loaded successfully]
[2025-03-27 15:54:22,322: INFO: common: created directory at: artifacts]
[2025-03-27 15:54:22,325: INFO: common: created directory at: artifacts\training]
[2025-03-27 15:55:20,288: INFO: common: yaml file: config\config.yaml loaded successfully]
[2025-03-27 15:55:20,291: INFO: common: yaml file: params.yaml loaded successfully]
[2025-03-27 15:55:20,294: INFO: common: created directory at: artifacts]
[2025-03-27 15:55:20,295: INFO: common: created directory at: artifacts\training]
[2025-03-27 16:05:11,377: INFO: step_03_model_training: *******************]
[2025-03-27 16:05:11,378: INFO: step_03_model_training: >>>>>> stage Training started <<<<<<]
[2025-03-27 16:05:11,379: INFO: common: yaml file: config\config.yaml loaded successfully]
[2025-03-27 16:05:11,379: INFO: common: yaml file: params.yaml loaded successfully]
[2025-03-27 16:05:11,379: INFO: common: created directory at: artifacts]
[2025-03-27 16:05:11,379: ERROR: step_03_model_training: 'ConfigurationManager' object has no attribute 'get_training_config']
Traceback (most recent call last):
  File "D:\MLops\chest_cancer_classification_deeplearning_project_using_dvc_mlflow\src\chestClassifier\pipeline\step_03_model_training.py", line 30, in <module>
    obj.main()
  File "D:\MLops\chest_cancer_classification_deeplearning_project_using_dvc_mlflow\src\chestClassifier\pipeline\step_03_model_training.py", line 17, in main
    training_config = config.get_training_config()
AttributeError: 'ConfigurationManager' object has no attribute 'get_training_config'
[2025-03-27 16:06:36,412: INFO: step_03_model_training: *******************]
[2025-03-27 16:06:36,412: INFO: step_03_model_training: >>>>>> stage Training started <<<<<<]
[2025-03-27 16:06:36,412: INFO: common: yaml file: config\config.yaml loaded successfully]
[2025-03-27 16:06:36,412: INFO: common: yaml file: params.yaml loaded successfully]
[2025-03-27 16:06:36,412: INFO: common: created directory at: artifacts]
[2025-03-27 16:06:36,412: INFO: common: created directory at: artifacts\training]
[2025-03-27 16:07:17,382: INFO: step_03_model_training: >>>>>> stage Training completed <<<<<<

x==========x]
[2025-03-27 20:00:11,482: INFO: common: yaml file: config\config.yaml loaded successfully]
[2025-03-27 20:00:11,489: INFO: common: yaml file: params.yaml loaded successfully]
[2025-03-27 20:00:11,492: INFO: common: created directory at: artifacts]
[2025-03-27 20:00:30,922: INFO: common: json file saved at: scores.json]
[2025-03-27 20:02:51,134: INFO: _client: HTTP Request: POST https://dagshub.com/login/oauth/middleman "HTTP/1.1 200 OK"]
[2025-03-27 20:02:52,176: INFO: _client: HTTP Request: POST https://dagshub.com/login/oauth/access_token "HTTP/1.1 200 OK"]
[2025-03-27 20:02:52,836: INFO: _client: HTTP Request: GET https://dagshub.com/api/v1/user "HTTP/1.1 200 OK"]
[2025-03-27 20:02:52,861: INFO: helpers: Accessing as shubhamair1996]
[2025-03-27 20:02:53,525: INFO: _client: HTTP Request: GET https://dagshub.com/api/v1/repos/shubhamair1996/chestcancer_prediction_using_mlflow_dvc "HTTP/1.1 200 OK"]
[2025-03-27 20:02:54,164: INFO: _client: HTTP Request: GET https://dagshub.com/api/v1/user "HTTP/1.1 200 OK"]
[2025-03-27 20:02:54,185: INFO: helpers: Initialized MLflow to track repo "shubhamair1996/chestcancer_prediction_using_mlflow_dvc"]
[2025-03-27 20:02:54,194: INFO: helpers: Repository shubhamair1996/chestcancer_prediction_using_mlflow_dvc initialized!]
[2025-03-27 20:03:16,011: INFO: common: yaml file: config\config.yaml loaded successfully]
[2025-03-27 20:03:16,016: INFO: common: yaml file: params.yaml loaded successfully]
[2025-03-27 20:03:16,019: INFO: common: created directory at: artifacts]
[2025-03-27 20:03:34,127: INFO: common: json file saved at: scores.json]
[2025-03-27 20:03:37,592: WARNING: save: Found untraced functions such as _jit_compiled_convolution_op, _jit_compiled_convolution_op, _jit_compiled_convolution_op, _jit_compiled_convolution_op, _jit_compiled_convolution_op while saving (showing 5 of 14). These functions will not be directly callable after loading.]
[2025-03-27 20:03:38,426: INFO: builder_impl: Assets written to: C:\Users\Dell\AppData\Local\Temp\tmpzax1hyc2\model\data\model\assets]
[2025-03-27 20:08:56,803: INFO: common: yaml file: config\config.yaml loaded successfully]
[2025-03-27 20:08:56,812: INFO: common: yaml file: params.yaml loaded successfully]
[2025-03-27 20:08:56,814: INFO: common: created directory at: artifacts]
[2025-03-27 20:08:56,817: INFO: common: created directory at: artifacts\training]
[2025-03-27 20:12:21,200: INFO: _client: HTTP Request: GET https://dagshub.com/api/v1/repos/shubhamair1996/chestcancer_prediction_using_mlflow_dvc "HTTP/1.1 200 OK"]
[2025-03-27 20:12:21,230: INFO: helpers: Initialized MLflow to track repo "shubhamair1996/chestcancer_prediction_using_mlflow_dvc"]
[2025-03-27 20:12:21,235: INFO: helpers: Repository shubhamair1996/chestcancer_prediction_using_mlflow_dvc initialized!]
[2025-03-27 20:12:26,434: INFO: common: yaml file: config\config.yaml loaded successfully]
[2025-03-27 20:12:26,444: INFO: common: yaml file: params.yaml loaded successfully]
[2025-03-27 20:12:26,448: INFO: common: created directory at: artifacts]
[2025-03-27 20:12:43,638: INFO: common: json file saved at: scores.json]
[2025-03-27 20:12:47,476: WARNING: save: Found untraced functions such as _jit_compiled_convolution_op, _jit_compiled_convolution_op, _jit_compiled_convolution_op, _jit_compiled_convolution_op, _jit_compiled_convolution_op while saving (showing 5 of 14). These functions will not be directly callable after loading.]
[2025-03-27 20:12:48,080: INFO: builder_impl: Assets written to: C:\Users\Dell\AppData\Local\Temp\tmp_xepq9se\model\data\model\assets]
[2025-03-27 20:26:39,508: INFO: common: yaml file: config\config.yaml loaded successfully]
[2025-03-27 20:26:39,543: INFO: common: yaml file: params.yaml loaded successfully]
[2025-03-27 20:26:39,567: INFO: common: created directory at: artifacts]
[2025-03-27 20:26:39,599: INFO: common: created directory at: artifacts\training]
[2025-03-27 20:31:05,413: INFO: common: yaml file: config\config.yaml loaded successfully]
[2025-03-27 20:31:05,423: INFO: common: yaml file: params.yaml loaded successfully]
[2025-03-27 20:31:05,428: INFO: common: created directory at: artifacts]
[2025-03-27 20:31:27,409: INFO: common: json file saved at: scores.json]
[2025-03-27 20:31:31,802: WARNING: save: Found untraced functions such as _jit_compiled_convolution_op, _jit_compiled_convolution_op, _jit_compiled_convolution_op, _jit_compiled_convolution_op, _jit_compiled_convolution_op while saving (showing 5 of 14). These functions will not be directly callable after loading.]
[2025-03-27 20:31:33,037: INFO: builder_impl: Assets written to: C:\Users\Dell\AppData\Local\Temp\tmptah8rb7t\model\data\model\assets]
[2025-03-27 20:47:07,510: INFO: common: yaml file: config\config.yaml loaded successfully]
[2025-03-27 20:47:07,530: INFO: common: yaml file: params.yaml loaded successfully]
[2025-03-27 20:47:07,536: INFO: common: created directory at: artifacts]
[2025-03-27 20:47:07,548: INFO: common: created directory at: artifacts\training]
[2025-03-27 20:53:01,393: INFO: common: yaml file: config\config.yaml loaded successfully]
[2025-03-27 20:53:01,406: INFO: common: yaml file: params.yaml loaded successfully]
[2025-03-27 20:53:01,412: INFO: common: created directory at: artifacts]
[2025-03-27 20:53:25,854: INFO: common: json file saved at: scores.json]
[2025-03-27 20:53:33,291: WARNING: save: Found untraced functions such as _jit_compiled_convolution_op, _jit_compiled_convolution_op, _jit_compiled_convolution_op, _jit_compiled_convolution_op, _jit_compiled_convolution_op while saving (showing 5 of 14). These functions will not be directly callable after loading.]
[2025-03-27 20:53:37,913: INFO: builder_impl: Assets written to: C:\Users\Dell\AppData\Local\Temp\tmpd48stz_7\model\data\model\assets]
[2025-03-27 21:07:48,670: INFO: step_04_evaluation: *******************]
[2025-03-27 21:07:48,670: INFO: step_04_evaluation: >>>>>> stage Evaluation stage started <<<<<<]
[2025-03-27 21:07:48,670: INFO: step_04_evaluation: >>>>>> Dags hub repository initializing <<<<<<]
[2025-03-27 21:07:49,306: INFO: _client: HTTP Request: GET https://dagshub.com/api/v1/user "HTTP/1.1 200 OK"]
[2025-03-27 21:07:49,317: INFO: helpers: Accessing as shubhamair1996]
[2025-03-27 21:07:49,951: INFO: _client: HTTP Request: GET https://dagshub.com/api/v1/repos/shubhamair1996/chestcancer_prediction_using_mlflow_dvc "HTTP/1.1 200 OK"]
[2025-03-27 21:07:50,524: INFO: _client: HTTP Request: GET https://dagshub.com/api/v1/user "HTTP/1.1 200 OK"]
[2025-03-27 21:07:50,526: INFO: helpers: Initialized MLflow to track repo "shubhamair1996/chestcancer_prediction_using_mlflow_dvc"]
[2025-03-27 21:07:50,526: INFO: helpers: Repository shubhamair1996/chestcancer_prediction_using_mlflow_dvc initialized!]
[2025-03-27 21:07:50,526: INFO: step_04_evaluation: >>>>>> Dags hub repository initialized successfull <<<<<<]
[2025-03-27 21:07:50,528: INFO: common: yaml file: config\config.yaml loaded successfully]
[2025-03-27 21:07:50,541: INFO: common: yaml file: params.yaml loaded successfully]
[2025-03-27 21:07:50,542: INFO: common: created directory at: artifacts]
[2025-03-27 21:08:06,116: INFO: common: json file saved at: scores.json]
[2025-03-27 21:08:06,119: INFO: common: json file saved at: scores.json]
[2025-03-27 21:08:06,119: INFO: step_04_evaluation: >>>>>> stage Evaluation stage completed <<<<<<

x==========x]
[2025-03-27 21:10:42,328: INFO: step_04_evaluation: *******************]
[2025-03-27 21:10:42,328: INFO: step_04_evaluation: >>>>>> stage Evaluation stage started <<<<<<]
[2025-03-27 21:10:42,328: INFO: step_04_evaluation: >>>>>> Dags hub repository initializing <<<<<<]
[2025-03-27 21:10:42,959: INFO: _client: HTTP Request: GET https://dagshub.com/api/v1/user "HTTP/1.1 200 OK"]
[2025-03-27 21:10:42,965: INFO: helpers: Accessing as shubhamair1996]
[2025-03-27 21:10:43,624: INFO: _client: HTTP Request: GET https://dagshub.com/api/v1/repos/shubhamair1996/chestcancer_prediction_using_mlflow_dvc "HTTP/1.1 200 OK"]
[2025-03-27 21:10:44,216: INFO: _client: HTTP Request: GET https://dagshub.com/api/v1/user "HTTP/1.1 200 OK"]
[2025-03-27 21:10:44,220: INFO: helpers: Initialized MLflow to track repo "shubhamair1996/chestcancer_prediction_using_mlflow_dvc"]
[2025-03-27 21:10:44,220: INFO: helpers: Repository shubhamair1996/chestcancer_prediction_using_mlflow_dvc initialized!]
[2025-03-27 21:10:44,220: INFO: step_04_evaluation: >>>>>> Dags hub repository initialized successfull <<<<<<]
[2025-03-27 21:10:44,224: INFO: common: yaml file: config\config.yaml loaded successfully]
[2025-03-27 21:10:44,229: INFO: common: yaml file: params.yaml loaded successfully]
[2025-03-27 21:10:44,229: INFO: common: created directory at: artifacts]
[2025-03-27 21:10:59,493: INFO: common: json file saved at: scores.json]
[2025-03-27 21:10:59,494: INFO: common: json file saved at: scores.json]
[2025-03-27 21:11:02,435: WARNING: save: Found untraced functions such as _jit_compiled_convolution_op, _jit_compiled_convolution_op, _jit_compiled_convolution_op, _jit_compiled_convolution_op, _jit_compiled_convolution_op while saving (showing 5 of 14). These functions will not be directly callable after loading.]
[2025-03-27 21:11:03,102: INFO: builder_impl: Assets written to: C:\Users\Dell\AppData\Local\Temp\tmpuw6el0j3\model\data\model\assets]
[2025-03-27 21:12:04,918: INFO: step_04_evaluation: >>>>>> stage Evaluation stage completed <<<<<<

x==========x]
